<?xml version="1.0" encoding="UTF-8"?>
<!-- Generated by org.testng.reporters.JUnitReportReporter -->
<testsuite hostname="NiJu" failures="0" tests="1" name="extentReports.ToLearnExtentReport" time="0.688" errors="0" timestamp="2024-08-09T11:58:04 IST" skipped="0">
  <testcase classname="extentReports.ToLearnExtentReport" name="createReport" time="0.688"/>
  <system-out/>
</testsuite> <!-- extentReports.ToLearnExtentReport -->
