<?xml version="1.0" encoding="UTF-8"?>
<!-- Generated by org.testng.reporters.JUnitReportReporter -->
<testsuite hostname="NiJu" failures="0" tests="1" name="extentReports.ToaddScreenShotIntoReport" time="6.480" errors="0" timestamp="2024-08-09T19:21:57 IST" skipped="0">
  <testcase classname="extentReports.ToaddScreenShotIntoReport" name="addscreenshot" time="6.480"/>
  <system-out/>
</testsuite> <!-- extentReports.ToaddScreenShotIntoReport -->
